<?xml version="1.0" encoding="UTF-8"?>
<testsuite xmlns:xsi="http://www.w3.org/2001/XMLSchema-instance" xsi:schemaLocation="https://maven.apache.org/surefire/maven-surefire-plugin/xsd/surefire-test-report.xsd" name="org.antlr.v4.test.runtime.TestCompositeParsers" time="1.299" tests="15" errors="0" skipped="0" failures="0">
  <properties>
[...]
</properties>
  <testcase name="testDelegatorAccessesDelegateMembers" classname="org.antlr.v4.test.runtime.TestCompositeParsers" time="0.642"/>
  <testcase name="testDelegatorRuleOverridesDelegate" classname="org.antlr.v4.test.runtime.TestCompositeParsers" time="0"/>
  <testcase name="testImportLexerWithOnlyFragmentRules" classname="org.antlr.v4.test.runtime.TestCompositeParsers" time="0"/>
  <testcase name="testDelegatorRuleOverridesLookaheadInDelegate" classname="org.antlr.v4.test.runtime.TestCompositeParsers" time="0"/>
  <testcase name="testBringInLiteralsFromDelegate" classname="org.antlr.v4.test.runtime.TestCompositeParsers" time="0"/>
  <testcase name="testCombinedImportsCombined" classname="org.antlr.v4.test.runtime.TestCompositeParsers" time="0.035"/>
  <testcase name="testImportedGrammarWithEmptyOptions" classname="org.antlr.v4.test.runtime.TestCompositeParsers" time="0.035"/>
  <testcase name="testDelegatorRuleOverridesDelegates" classname="org.antlr.v4.test.runtime.TestCompositeParsers" time="0.143"/>
  <testcase name="testDelegatorInvokesDelegateRuleWithArgs" classname="org.antlr.v4.test.runtime.TestCompositeParsers" time="0"/>
  <testcase name="testKeywordVSIDOrder" classname="org.antlr.v4.test.runtime.TestCompositeParsers" time="0.035"/>
  <testcase name="testDelegatesSeeSameTokenType" classname="org.antlr.v4.test.runtime.TestCompositeParsers" time="0.35"/>
  <testcase name="testDelegatorInvokesFirstVersionOfDelegateRule" classname="org.antlr.v4.test.runtime.TestCompositeParsers" time="0"/>
  <testcase name="testImportedRuleWithAction" classname="org.antlr.v4.test.runtime.TestCompositeParsers" time="0"/>
  <testcase name="testDelegatorInvokesDelegateRuleWithReturnStruct" classname="org.antlr.v4.test.runtime.TestCompositeParsers" time="0"/>
  <testcase name="testDelegatorInvokesDelegateRule" classname="org.antlr.v4.test.runtime.TestCompositeParsers" time="0.049"/>
</testsuite>